extensions/ima/buildout/outputs/logs/manifest-merger-debug-report.txt
-- Merging decision tree log ---
manifest
ADDED from src/main/AndroidManifest.xml:16:1-25:12
INJECTED from src/main/AndroidManifest.xml:16:1-25:12
INJECTED from src/main/AndroidManifest.xml:16:1-25:12
	package
		ADDED from src/main/AndroidManifest.xml:17:5-52
		INJECTED from src/main/AndroidManifest.xml
		INJECTED from src/main/AndroidManifest.xml
	xmlns:android
		ADDED from src/main/AndroidManifest.xml:16:11-69
uses-sdk
ADDED from src/main/AndroidManifest.xml:18:3-15
INJECTED from src/main/AndroidManifest.xml:18:3-15
INJECTED from src/main/AndroidManifest.xml:18:3-15
INJECTED from src/main/AndroidManifest.xml:18:3-15
INJECTED from src/main/AndroidManifest.xml:18:3-15
	android:targetSdkVersion
		INJECTED from src/main/AndroidManifest.xml
		ADDED from src/main/AndroidManifest.xml:18:3-15
		INJECTED from src/main/AndroidManifest.xml
	android:minSdkVersion
		INJECTED from src/main/AndroidManifest.xml
		ADDED from src/main/AndroidManifest.xml:18:3-15
		INJECTED from src/main/AndroidManifest.xml
application
ADDED from src/main/AndroidManifest.xml:19:3-24:17
meta-data#com.google.android.gms.ads.AD_MANAGER_APP
ADDED from src/main/AndroidManifest.xml:20:5-21:31
	android:value
		ADDED from src/main/AndroidManifest.xml:21:9-29
	android:name
		ADDED from src/main/AndroidManifest.xml:20:16-72
meta-data#com.google.android.gms.version
ADDED from src/main/AndroidManifest.xml:22:5-23:64
	android:value
		ADDED from src/main/AndroidManifest.xml:23:9-62
	android:name
		ADDED from src/main/AndroidManifest.xml:22:16-61